# JRE version: Java(TM) SE Runtime Environment (8.0_101-b13) (build 1.8.0_101-b13)
# Java VM: Java HotSpot(TM) 64-Bit Server VM (25.101-b13 mixed mode windows-amd64 compressed oops)
Heap:
 PSYoungGen      total 177152K, used 23516K [0x00000000d6e00000, 0x00000000e2a00000, 0x0000000100000000)
  eden space 161792K, 14% used [0x00000000d6e00000,0x00000000d84f70c0,0x00000000e0c00000)
  from space 15360K, 0% used [0x00000000e0c00000,0x00000000e0c00000,0x00000000e1b00000)
  to   space 15360K, 0% used [0x00000000e1b00000,0x00000000e1b00000,0x00000000e2a00000)
 ParOldGen       total 86528K, used 17995K [0x0000000084a00000, 0x0000000089e80000, 0x00000000d6e00000)
  object space 86528K, 20% used [0x0000000084a00000,0x0000000085b92e58,0x0000000089e80000)
 Metaspace       used 45297K, capacity 46988K, committed 47360K, reserved 1091584K
  class space    used 5454K, capacity 5740K, committed 5888K, reserved 1048576K
GC Heap History (10 events):
Event: 5.590 GC heap before
{Heap before GC invocations=8 (full 1):
 PSYoungGen      total 116736K, used 86167K [0x00000000d6e00000, 0x00000000def00000, 0x0000000100000000)
  eden space 104448K, 71% used [0x00000000d6e00000,0x00000000db6d96b8,0x00000000dd400000)
  from space 12288K, 94% used [0x00000000de280000,0x00000000dedcc620,0x00000000dee80000)
  to   space 13824K, 0% used [0x00000000dd400000,0x00000000dd400000,0x00000000de180000)
 ParOldGen       total 51200K, used 10556K [0x0000000084a00000, 0x0000000087c00000, 0x00000000d6e00000)
  object space 51200K, 20% used [0x0000000084a00000,0x000000008544f008,0x0000000087c00000)
 Metaspace       used 33963K, capacity 35364K, committed 35416K, reserved 1081344K
  class space    used 4320K, capacity 4588K, committed 4608K, reserved 1048576K
Event: 5.605 GC heap after
Heap after GC invocations=8 (full 1):
 PSYoungGen      total 118272K, used 13819K [0x00000000d6e00000, 0x00000000e2f80000, 0x0000000100000000)
  eden space 104448K, 0% used [0x00000000d6e00000,0x00000000d6e00000,0x00000000dd400000)
  from space 13824K, 99% used [0x00000000dd400000,0x00000000de17ece0,0x00000000de180000)
  to   space 15872K, 0% used [0x00000000e2000000,0x00000000e2000000,0x00000000e2f80000)
 ParOldGen       total 51200K, used 11060K [0x0000000084a00000, 0x0000000087c00000, 0x00000000d6e00000)
  object space 51200K, 21% used [0x0000000084a00000,0x00000000854cd2c8,0x0000000087c00000)
 Metaspace       used 33963K, capacity 35364K, committed 35416K, reserved 1081344K
  class space    used 4320K, capacity 4588K, committed 4608K, reserved 1048576K
}
Event: 5.605 GC heap before
{Heap before GC invocations=9 (full 2):
 PSYoungGen      total 118272K, used 13819K [0x00000000d6e00000, 0x00000000e2f80000, 0x0000000100000000)
  eden space 104448K, 0% used [0x00000000d6e00000,0x00000000d6e00000,0x00000000dd400000)
  from space 13824K, 99% used [0x00000000dd400000,0x00000000de17ece0,0x00000000de180000)
  to   space 15872K, 0% used [0x00000000e2000000,0x00000000e2000000,0x00000000e2f80000)
 ParOldGen       total 51200K, used 11060K [0x0000000084a00000, 0x0000000087c00000, 0x00000000d6e00000)
  object space 51200K, 21% used [0x0000000084a00000,0x00000000854cd2c8,0x0000000087c00000)
 Metaspace       used 33963K, capacity 35364K, committed 35416K, reserved 1081344K
  class space    used 4320K, capacity 4588K, committed 4608K, reserved 1048576K
Event: 5.707 GC heap after
Heap after GC invocations=9 (full 2):
 PSYoungGen      total 118272K, used 0K [0x00000000d6e00000, 0x00000000e2f80000, 0x0000000100000000)
  eden space 104448K, 0% used [0x00000000d6e00000,0x00000000d6e00000,0x00000000dd400000)
  from space 13824K, 0% used [0x00000000dd400000,0x00000000dd400000,0x00000000de180000)
  to   space 15872K, 0% used [0x00000000e2000000,0x00000000e2000000,0x00000000e2f80000)
 ParOldGen       total 86528K, used 23262K [0x0000000084a00000, 0x0000000089e80000, 0x00000000d6e00000)
  object space 86528K, 26% used [0x0000000084a00000,0x00000000860b7888,0x0000000089e80000)
 Metaspace       used 33963K, capacity 35364K, committed 35416K, reserved 1081344K
  class space    used 4320K, capacity 4588K, committed 4608K, reserved 1048576K
}
Event: 1437.394 GC heap before
{Heap before GC invocations=10 (full 2):
 PSYoungGen      total 118272K, used 104448K [0x00000000d6e00000, 0x00000000e2f80000, 0x0000000100000000)
  eden space 104448K, 100% used [0x00000000d6e00000,0x00000000dd400000,0x00000000dd400000)
  from space 13824K, 0% used [0x00000000dd400000,0x00000000dd400000,0x00000000de180000)
  to   space 15872K, 0% used [0x00000000e2000000,0x00000000e2000000,0x00000000e2f80000)
 ParOldGen       total 86528K, used 23262K [0x0000000084a00000, 0x0000000089e80000, 0x00000000d6e00000)
  object space 86528K, 26% used [0x0000000084a00000,0x00000000860b7888,0x0000000089e80000)
 Metaspace       used 41748K, capacity 43334K, committed 43648K, reserved 1087488K
  class space    used 5186K, capacity 5485K, committed 5504K, reserved 1048576K
Event: 1437.429 GC heap after
Heap after GC invocations=10 (full 2):
 PSYoungGen      total 172032K, used 8324K [0x00000000d6e00000, 0x00000000e2a00000, 0x0000000100000000)
  eden space 161792K, 0% used [0x00000000d6e00000,0x00000000d6e00000,0x00000000e0c00000)
  from space 10240K, 81% used [0x00000000e2000000,0x00000000e2821158,0x00000000e2a00000)
  to   space 15360K, 0% used [0x00000000e0c00000,0x00000000e0c00000,0x00000000e1b00000)
 ParOldGen       total 86528K, used 23270K [0x0000000084a00000, 0x0000000089e80000, 0x00000000d6e00000)
  object space 86528K, 26% used [0x0000000084a00000,0x00000000860b9888,0x0000000089e80000)
 Metaspace       used 41748K, capacity 43334K, committed 43648K, reserved 1087488K
  class space    used 5186K, capacity 5485K, committed 5504K, reserved 1048576K
}
Event: 3605.707 GC heap before
{Heap before GC invocations=11 (full 2):
 PSYoungGen      total 172032K, used 100080K [0x00000000d6e00000, 0x00000000e2a00000, 0x0000000100000000)
  eden space 161792K, 56% used [0x00000000d6e00000,0x00000000dc79b000,0x00000000e0c00000)
  from space 10240K, 81% used [0x00000000e2000000,0x00000000e2821158,0x00000000e2a00000)
  to   space 15360K, 0% used [0x00000000e0c00000,0x00000000e0c00000,0x00000000e1b00000)
 ParOldGen       total 86528K, used 23270K [0x0000000084a00000, 0x0000000089e80000, 0x00000000d6e00000)
  object space 86528K, 26% used [0x0000000084a00000,0x00000000860b9888,0x0000000089e80000)
 Metaspace       used 45273K, capacity 46996K, committed 47360K, reserved 1091584K
  class space    used 5473K, capacity 5778K, committed 5888K, reserved 1048576K
Event: 3605.714 GC heap after
Heap after GC invocations=11 (full 2):
 PSYoungGen      total 177152K, used 5427K [0x00000000d6e00000, 0x00000000e2a00000, 0x0000000100000000)
  eden space 161792K, 0% used [0x00000000d6e00000,0x00000000d6e00000,0x00000000e0c00000)
  from space 15360K, 35% used [0x00000000e0c00000,0x00000000e114cf78,0x00000000e1b00000)
  to   space 15360K, 0% used [0x00000000e1b00000,0x00000000e1b00000,0x00000000e2a00000)
 ParOldGen       total 86528K, used 23297K [0x0000000084a00000, 0x0000000089e80000, 0x00000000d6e00000)
  object space 86528K, 26% used [0x0000000084a00000,0x00000000860c04d8,0x0000000089e80000)
 Metaspace       used 45273K, capacity 46996K, committed 47360K, reserved 1091584K
  class space    used 5473K, capacity 5778K, committed 5888K, reserved 1048576K
}
Event: 3605.714 GC heap before
{Heap before GC invocations=12 (full 3):
 PSYoungGen      total 177152K, used 5427K [0x00000000d6e00000, 0x00000000e2a00000, 0x0000000100000000)
  eden space 161792K, 0% used [0x00000000d6e00000,0x00000000d6e00000,0x00000000e0c00000)
  from space 15360K, 35% used [0x00000000e0c00000,0x00000000e114cf78,0x00000000e1b00000)
  to   space 15360K, 0% used [0x00000000e1b00000,0x00000000e1b00000,0x00000000e2a00000)
 ParOldGen       total 86528K, used 23297K [0x0000000084a00000, 0x0000000089e80000, 0x00000000d6e00000)
  object space 86528K, 26% used [0x0000000084a00000,0x00000000860c04d8,0x0000000089e80000)
 Metaspace       used 45273K, capacity 46996K, committed 47360K, reserved 1091584K
  class space    used 5473K, capacity 5778K, committed 5888K, reserved 1048576K
Event: 3605.869 GC heap after
Heap after GC invocations=12 (full 3):
 PSYoungGen      total 177152K, used 0K [0x00000000d6e00000, 0x00000000e2a00000, 0x0000000100000000)
  eden space 161792K, 0% used [0x00000000d6e00000,0x00000000d6e00000,0x00000000e0c00000)
  from space 15360K, 0% used [0x00000000e0c00000,0x00000000e0c00000,0x00000000e1b00000)
  to   space 15360K, 0% used [0x00000000e1b00000,0x00000000e1b00000,0x00000000e2a00000)
 ParOldGen       total 86528K, used 17995K [0x0000000084a00000, 0x0000000089e80000, 0x00000000d6e00000)
  object space 86528K, 20% used [0x0000000084a00000,0x0000000085b92e58,0x0000000089e80000)
 Metaspace       used 45064K, capacity 46634K, committed 47360K, reserved 1091584K
  class space    used 5437K, capacity 5713K, committed 5888K, reserved 1048576K
}

